<?xml version="1.0" encoding="UTF-8"?>
<!-- Generated by org.testng.reporters.JUnitXMLReporter -->
<testsuite ignored="0" hostname="DESKTOP-RLJTTAG" failures="2" tests="7" name="Linux-Firefox" time="52.358" errors="0" timestamp="2025-09-19T13:18:16 IST">
  <testcase classname="testcases.Account_registration_test" name="test_account_Registration" time="5.458"/>
  <testcase classname="testcases.Login_test" name="verify_login" time="1.867"/>
  <testcase classname="testcases.Login_DDT" name="verify_login_DDT" time="2.814"/>
  <testcase classname="testcases.Login_DDT" name="verify_login_DDT" time="1.971">
    <failure type="java.lang.AssertionError" message="expected [true] but found [false]">
      <![CDATA[java.lang.AssertionError: expected [true] but found [false]
at testcases.Login_DDT.verify_login_DDT(Login_DDT.java:58)
at java.base/java.util.ArrayList.forEach(ArrayList.java:1511)
... Removed 31 stack frames]]>
    </failure>
  </testcase> <!-- verify_login_DDT -->
  <testcase classname="testcases.Login_DDT" name="verify_login_DDT" time="2.134">
    <failure type="java.lang.AssertionError" message="expected [true] but found [false]">
      <![CDATA[java.lang.AssertionError: expected [true] but found [false]
at testcases.Login_DDT.verify_login_DDT(Login_DDT.java:58)
at java.base/java.util.ArrayList.forEach(ArrayList.java:1511)
... Removed 31 stack frames]]>
    </failure>
  </testcase> <!-- verify_login_DDT -->
  <testcase classname="testcases.Login_DDT" name="verify_login_DDT" time="11.526"/>
  <testcase classname="testcases.Login_DDT" name="verify_login_DDT" time="2.231"/>
</testsuite> <!-- Linux-Firefox -->
